<?xml version="1.0" encoding="UTF-8"?>
<!-- Generated by org.testng.reporters.JUnitReportReporter -->
<testsuite hostname="CHN1-LHP-N62806" failures="0" tests="2" name="testRunner.Test_Runner" time="12.579" errors="0" timestamp="2022-04-07T15:39:58 IST" skipped="0">
  <testcase classname="testRunner.Test_Runner" name="runScenario" time="6.121"/>
  <system-out/>
  <testcase classname="testRunner.Test_Runner" name="runScenario" time="6.458"/>
  <system-out/>
</testsuite> <!-- testRunner.Test_Runner -->
